(venv) PS C:\Users\tomas\Desktop\0001 DUOMENU ANALITIKA\038_AnonymPDF> pytest
=================================================================================== test session starts ====================================================================================
platform win32 -- Python 3.11.9, pytest-7.4.3, pluggy-1.6.0
rootdir: C:\Users\tomas\Desktop\0001 DUOMENU ANALITIKA\038_AnonymPDF
configfile: pytest.ini
testpaths: tests
plugins: anyio-3.7.1, asyncio-0.21.1, cov-4.1.0
asyncio: mode=Mode.STRICT
collected 582 items

tests\test_analytics_api.py .......................                                                                                                                                   [  3%]
tests\test_analytics_engine.py ......                                                                                                                                                 [  4%]
tests\test_config_manager.py .............................................                                                                                                            [ 12%]
tests\test_feedback_system.py ....                                                                                                                                                    [ 13%]
tests\test_intelligent_cache.py .............................                                                                                                                         [ 18%]
tests\test_lithuanian_pii.py .F............                                                                                                                                           [ 20%]
tests\test_memory_optimizer.py ......................                                                                                                                                 [ 24%]
tests\test_memory_utils.py ............                                                                                                                                               [ 26%]
tests\test_ml_engine.py ....................................                                                                                                                          [ 32%]
tests\test_ml_integration_layer.py .........                                                                                                                                          [ 34%]
tests\test_ml_monitoring.py ...........................................................                                                                                               [ 44%]
tests\test_pdf_processor.py sssF..                                                                                                                                                    [ 45%]
tests\test_pdf_processor_main.py ..................                                                                                                                                   [ 48%]
tests\test_performance.py ........                                                                                                                                                    [ 50%]
tests\test_performance_enhanced.py .......                                                                                                                                            [ 51%]
tests\test_performance_optimizer.py ............EEE.....FFFF                                                                                                                          [ 55%]
tests\test_pii_patterns.py ......                                                                                                                                                     [ 56%]
tests\test_priority2_enhancements.py ...........................                                                                                                                      [ 60%]
tests\test_real_time_monitor.py ............................................                                                                                                          [ 68%]
tests\test_salutation_detector.py ..............................                                                                                                                      [ 73%]
tests\test_services_pdf_processor.py ...................................                                                                                                              [ 79%]
tests\test_training_data_collector.py .................................                                                                                                               [ 85%]
tests\test_validation_utils.py ........................                                                                                                                               [ 89%]
tests\test_worker.py .................                                                                                                                                                [ 92%]
tests\adaptive\test_ab_testing.py ........                                                                                                                                            [ 93%]
tests\adaptive\test_doc_classifier.py ........                                                                                                                                        [ 95%]
tests\adaptive\test_online_learner.py ....                                                                                                                                            [ 95%]
tests\adaptive\test_pattern_db.py .....                                                                                                                                               [ 96%]
tests\adaptive\test_pattern_learner.py .......                                                                                                                                        [ 97%]
tests\adaptive\test_processing_rules.py ....                                                                                                                                          [ 98%]
tests\api\test_pdf_endpoint.py ..                                                                                                                                                     [ 98%]
tests\system\test_adaptive_workflow.py .....                                                                                                                                          [ 99%]
tests\system\test_real_time_monitor_integration.py .                                                                                                                                  [100%]

========================================================================================== ERRORS ==========================================================================================
___________________________________________________________________ ERROR at setup of TestBatchEngine.test_submit_batch ____________________________________________________________________
tests\test_performance_optimizer.py:247: in batch_engine
    return BatchEngine(config=config)
app\core\performance_optimizer.py:548: in __init__
    self.config = config or get_config()['performance']
E   KeyError: 'performance'
________________________________________________________________ ERROR at setup of TestBatchEngine.test_process_next_batch _________________________________________________________________
tests\test_performance_optimizer.py:247: in batch_engine
    return BatchEngine(config=config)
app\core\performance_optimizer.py:548: in __init__
    self.config = config or get_config()['performance']
E   KeyError: 'performance'
_________________________________________________________________ ERROR at setup of TestBatchEngine.test_batch_queue_order _________________________________________________________________
tests\test_performance_optimizer.py:247: in batch_engine
    return BatchEngine(config=config)
app\core\performance_optimizer.py:548: in __init__
    self.config = config or get_config()['performance']
E   KeyError: 'performance'
========================================================================================= FAILURES =========================================================================================
_______________________________________________________ TestLithuanianIntegration.test_comprehensive_lithuanian_document_processing ________________________________________________________
tests\test_lithuanian_pii.py:69: in test_comprehensive_lithuanian_document_processing
    assert "Onutė Petraitienė" in detected_texts
E   AssertionError: assert 'Onutė Petraitienė' in {'+370 601 98765', '48901234567', 'Kaunas', 'Onutė Petraitienė\nAsmens', 'Vilniaus g. 1'}
---------------------------------------------------------------------------------- Captured stderr setup -----------------------------------------------------------------------------------
2025-07-01 18:41:24,688 - config_manager - INFO - Loading default patterns because file was not found or failed to load.
2025-07-01 18:41:24,704 - config_manager - INFO - Patterns saved successfully - {"file": "C:\\Users\\tomas\\AppData\\Local\\Temp\\tmpe_dn4gcs\\test_config\\patterns.yaml"}
2025-07-01 18:41:24,704 - config_manager - INFO - Cities file not found, creating default - {"file": "C:\\Users\\tomas\\AppData\\Local\\Temp\\tmpe_dn4gcs\\test_config\\cities.yaml"}
2025-07-01 18:41:24,704 - config_manager - INFO - Cities saved successfully - {"file": "C:\\Users\\tomas\\AppData\\Local\\Temp\\tmpe_dn4gcs\\test_config\\cities.yaml", "cities_count": 81}
2025-07-01 18:41:24,719 - config_manager - INFO - Settings loaded from file - {"file": "C:\\Users\\tomas\\AppData\\Local\\Temp\\tmpe_dn4gcs\\test_config\\settings.yaml"}
2025-07-01 18:41:24,719 - config_manager - INFO - Brand names file not found, creating default - {"file": "C:\\Users\\tomas\\AppData\\Local\\Temp\\tmpe_dn4gcs\\test_config\\brand_names.yaml"}
2025-07-01 18:41:24,719 - config_manager - INFO - Saved brand names to file - {"file": "C:\\Users\\tomas\\AppData\\Local\\Temp\\tmpe_dn4gcs\\test_config\\brand_names.yaml"}
2025-07-01 18:41:24,719 - config_manager - INFO - Configuration manager initialized - {"config_dir": "C:\\Users\\tomas\\AppData\\Local\\Temp\\tmpe_dn4gcs\\test_config", "patterns_count": 39, "cities_count": 81}
2025-07-01 18:41:24,735 - anonympdf.ab_testing - INFO - Loading A/B tests from database.
2025-07-01 18:41:24,735 - anonympdf.ab_testing - INFO - Loaded 0 tests.
2025-07-01 18:41:24,735 - anonympdf.ab_testing - INFO - ABTestManager initialized with database at C:\Users\tomas\AppData\Local\Temp\pytest-of-tomas\pytest-342\ab_test_data0\ab_tests.db.
2025-07-01 18:41:24,751 - anonympdf.adaptive_pattern_db - INFO - Table 'adaptive_patterns' is ready.
2025-07-01 18:41:24,751 - anonympdf.adaptive_pattern_db - INFO - AdaptivePatternDB initialized (manages session: False).
2025-07-01 18:41:24,757 - anonympdf.adaptive_learning.processing_rules - INFO - Successfully loaded 4 rule sets from config\processing_rules.yaml
2025-07-01 18:41:24,757 - anonympdf.adaptive_learning.processing_rules - INFO - ProcessingRuleManager initialized with 4 rule sets.
2025-07-01 18:41:24,757 - anonympdf.adaptive_learning.doc_classifier - INFO - DocumentClassifier initialized.
2025-07-01 18:41:24,773 - anonympdf.adaptive_learning.processing_rules - INFO - Successfully loaded 4 rule sets from config\processing_rules.yaml
2025-07-01 18:41:24,773 - anonympdf.adaptive_learning.processing_rules - INFO - ProcessingRuleManager initialized with 4 rule sets.
2025-07-01 18:41:29,435 - anonympdf.anonympdf.feedback_system - INFO - FeedbackAnalyzer initialized
2025-07-01 18:41:29,435 - anonympdf.anonympdf.feedback_system - INFO - UserFeedbackProcessor initialized
2025-07-01 18:41:29,435 - anonympdf.anonympdf.pattern_learner - INFO - PatternLearner initialized - {'min_confidence': 0.95}
2025-07-01 18:41:29,435 - anonympdf.adaptive_learning.coordinator - INFO - AdaptiveLearningCoordinator initialized.
2025-07-01 18:41:29,435 - anonympdf.pdf - INFO - Initializing PDF processor with Priority 2 enhancements
2025-07-01 18:41:29,435 - anonympdf.pdf - INFO - Configuration manager loaded - {"patterns_count": 39, "cities_count": 81}
2025-07-01 18:41:29,435 - anonympdf.context - INFO - AdvancedPatternRefinement initialized with 50 patterns.
2025-07-01 18:41:29,435 - anonympdf.pdf - INFO - Priority 2 context-aware components initialized
2025-07-01 18:41:30,106 - anonympdf.pdf - INFO - English spaCy model loaded successfully - {"model": "en_core_web_sm", "components": 6, "method": "standard"}
2025-07-01 18:41:30,854 - anonympdf.pdf - INFO - Lithuanian spaCy model loaded successfully - {"model": "lt_core_news_sm", "components": 7, "method": "standard"}
----------------------------------------------------------------------------------- Captured stderr call -----------------------------------------------------------------------------------
2025-07-01 18:41:30,861 - anonympdf.adaptive_pattern_db - INFO - Retrieved 0 active patterns from the database.
2025-07-01 18:41:30,861 - anonympdf.pdf - INFO - Using Lithuanian NLP model for processing
2025-07-01 18:41:30,861 - anonympdf.pdf - INFO - DEBUG: About to log pii_detection_completed - monitor exists: False
2025-07-01 18:41:30,861 - anonympdf.pdf - WARNING - DEBUG: Monitor not available - pii_detection_completed event not logged
2025-07-01 18:41:30,861 - anonympdf.performance - INFO - Performance tracking: pii_detection - {"duration": 0.0, "memory_delta": 0.25390625}
___________________________________________________________________ TestPDFProcessorIntegration.test_process_pdf_success ___________________________________________________________________
tests\test_pdf_processor.py:129: in test_process_pdf_success
    assert categories.get('emails') == 1
E   AssertionError: assert None == 1
E    +  where None = <built-in method get of dict object at 0x0000029793566B80>('emails')
E    +    where <built-in method get of dict object at 0x0000029793566B80> = {'email': 1, 'lithuanian_personal_code': 1, 'names': 1}.get
---------------------------------------------------------------------------------- Captured stderr setup -----------------------------------------------------------------------------------
2025-07-01 18:43:37,407 - anonympdf.adaptive_pattern_db - INFO - Table 'adaptive_patterns' is ready.
2025-07-01 18:43:37,407 - anonympdf.adaptive_pattern_db - INFO - AdaptivePatternDB initialized (manages session: False).
2025-07-01 18:43:37,423 - anonympdf.adaptive_learning.processing_rules - INFO - Successfully loaded 4 rule sets from config\processing_rules.yaml
2025-07-01 18:43:37,423 - anonympdf.adaptive_learning.processing_rules - INFO - ProcessingRuleManager initialized with 4 rule sets.
2025-07-01 18:43:37,423 - anonympdf.adaptive_learning.doc_classifier - INFO - DocumentClassifier initialized.
2025-07-01 18:43:37,445 - anonympdf.adaptive_learning.processing_rules - INFO - Successfully loaded 4 rule sets from config\processing_rules.yaml
2025-07-01 18:43:37,445 - anonympdf.adaptive_learning.processing_rules - INFO - ProcessingRuleManager initialized with 4 rule sets.
2025-07-01 18:43:41,624 - anonympdf.anonympdf.feedback_system - INFO - FeedbackAnalyzer initialized
2025-07-01 18:43:41,624 - anonympdf.anonympdf.feedback_system - INFO - UserFeedbackProcessor initialized
2025-07-01 18:43:41,624 - anonympdf.anonympdf.pattern_learner - INFO - PatternLearner initialized - {'min_confidence': 0.95}
2025-07-01 18:43:41,624 - anonympdf.adaptive_learning.coordinator - INFO - AdaptiveLearningCoordinator initialized.
2025-07-01 18:43:41,624 - anonympdf.pdf - INFO - Initializing PDF processor with Priority 2 enhancements
2025-07-01 18:43:41,632 - anonympdf.pdf - INFO - Configuration manager loaded - {"patterns_count": 39, "cities_count": 81}
2025-07-01 18:43:41,632 - anonympdf.context - INFO - AdvancedPatternRefinement initialized with 50 patterns.
2025-07-01 18:43:41,632 - anonympdf.pdf - INFO - Priority 2 context-aware components initialized
2025-07-01 18:43:42,279 - anonympdf.pdf - INFO - English spaCy model loaded successfully - {"model": "en_core_web_sm", "components": 6, "method": "standard"}
2025-07-01 18:43:43,015 - anonympdf.pdf - INFO - Lithuanian spaCy model loaded successfully - {"model": "lt_core_news_sm", "components": 7, "method": "standard"}
----------------------------------------------------------------------------------- Captured stderr call -----------------------------------------------------------------------------------
2025-07-01 18:43:43,027 - anonympdf.text_extraction - INFO - Starting robust text extraction - {"extra": {"file": "C:\\Users\\tomas\\AppData\\Local\\Temp\\pytest-of-tomas\\pytest-342\\test_process_pdf_success0\\test.pdf", "methods": ["pymupdf", "pdfminer_enhanced", "pdfminer_basic"]}}
2025-07-01 18:43:43,045 - anonympdf.text_extraction - INFO - Extraction method pymupdf completed - {"score": 0.6, "length": 46, "lithuanian_chars": 0}
2025-07-01 18:43:43,045 - anonympdf.text_extraction - INFO - Extraction method pdfminer_enhanced completed - {"score": 0.6, "length": 48, "lithuanian_chars": 0}
2025-07-01 18:43:43,060 - anonympdf.text_extraction - INFO - Extraction method pdfminer_basic completed - {"score": 0.6, "length": 48, "lithuanian_chars": 0}
2025-07-01 18:43:43,060 - anonympdf.text_extraction - INFO - Text extraction completed - {"best_method": "pymupdf", "final_score": 0.6, "final_length": 46, "final_lithuanian_chars": 0}
2025-07-01 18:43:43,060 - anonympdf.performance - INFO - Performance tracking: text_extraction - {"duration": 0.03367924690246582, "memory_delta": 0.71484375}
2025-07-01 18:43:43,640 - anonympdf.pdf - INFO - Language detected: pt (sample length: 46)
2025-07-01 18:43:43,640 - anonympdf.pdf - INFO - DEBUG: About to call find_personal_info - monitor exists: False
2025-07-01 18:43:43,640 - anonympdf.adaptive_pattern_db - INFO - Retrieved 0 active patterns from the database.
2025-07-01 18:43:43,640 - anonympdf.pdf - INFO - Using English NLP model for processing (detected language: pt)
2025-07-01 18:43:43,650 - anonympdf.pdf - INFO - DEBUG: About to log pii_detection_completed - monitor exists: False
2025-07-01 18:43:43,650 - anonympdf.pdf - WARNING - DEBUG: Monitor not available - pii_detection_completed event not logged
2025-07-01 18:43:43,650 - anonympdf.performance - INFO - Performance tracking: pii_detection - {"duration": 0.010103225708007812, "memory_delta": 0.0078125}
2025-07-01 18:43:43,650 - anonympdf.pdf - INFO - DEBUG: find_personal_info completed - found 3 categories
2025-07-01 18:43:43,658 - anonympdf.pdf - INFO - Found and redacted 1 instances of 'success@example.com' (type: email)
2025-07-01 18:43:43,660 - anonympdf.pdf - INFO - Found and redacted 1 instances of '38801011234' (type: lithuanian_personal_code)
2025-07-01 18:43:43,660 - anonympdf.pdf - INFO - Found and redacted 1 instances of 'Email' (type: names)
2025-07-01 18:43:43,660 - anonympdf.pdf - INFO - Test mode detected: keeping 3 redaction annotations visible
2025-07-01 18:43:43,660 - anonympdf.pdf - INFO - Total annotations in final PDF: 3
2025-07-01 18:43:43,660 - anonympdf.pdf - INFO - PDF anonymized successfully - {"input_file": "test.pdf", "output_file": "test_redacted_20250701_184343.pdf", "redactions_applied": 3}
2025-07-01 18:43:43,660 - anonympdf.pdf - INFO - Redaction report generated - total redactions: 3, language: pt
2025-07-01 18:43:43,660 - anonympdf.performance - INFO - File processing completed: pdf_processing - {"file_size_mb": 0.000774383544921875, "duration": 0.6333162784576416, "throughput": 0.00122274378736606, "memory_delta": 29.65625}
________________________________________________________________________ TestGlobalInstances.test_get_batch_engine _________________________________________________________________________
tests\test_performance_optimizer.py:360: in test_get_batch_engine
    engine = get_batch_engine()
app\core\performance_optimizer.py:660: in get_batch_engine
    _batch_engine = BatchEngine(config=config)
app\core\performance_optimizer.py:548: in __init__
    self.config = config or get_config()['performance']
E   KeyError: 'performance'
________________________________________________________________________ TestIntegration.test_end_to_end_processing ________________________________________________________________________
tests\test_performance_optimizer.py:372: in test_end_to_end_processing
    optimizer = get_performance_optimizer()
app\core\performance_optimizer.py:871: in get_performance_optimizer
    _performance_optimizer = PerformanceOptimizer(config=config)
app\core\performance_optimizer.py:690: in __init__
    self.batch_engine = BatchEngine(self.config) # BatchEngine was expecting full config
app\core\performance_optimizer.py:548: in __init__
    self.config = config or get_config()['performance']
E   KeyError: 'performance'
----------------------------------------------------------------------------------- Captured stderr call -----------------------------------------------------------------------------------
2025-07-01 18:44:03,079 - anonympdf.performance_optimizer - INFO - ParallelProcessor initialized - {"max_workers": 4, "chunk_size": 100}
_________________________________________________________________ TestIntegration.test_performance_improvement_simulation __________________________________________________________________
tests\test_performance_optimizer.py:400: in test_performance_improvement_simulation
    optimizer = get_performance_optimizer()
app\core\performance_optimizer.py:871: in get_performance_optimizer
    _performance_optimizer = PerformanceOptimizer(config=config)
app\core\performance_optimizer.py:690: in __init__
    self.batch_engine = BatchEngine(self.config) # BatchEngine was expecting full config
app\core\performance_optimizer.py:548: in __init__
    self.config = config or get_config()['performance']
E   KeyError: 'performance'
----------------------------------------------------------------------------------- Captured stderr call -----------------------------------------------------------------------------------
2025-07-01 18:44:03,193 - anonympdf.performance_optimizer - INFO - ParallelProcessor initialized - {"max_workers": 4, "chunk_size": 100}
_____________________________________________________________________ TestIntegration.test_error_handling_in_pipeline ______________________________________________________________________
tests\test_performance_optimizer.py:462: in test_error_handling_in_pipeline
    optimizer = get_performance_optimizer()
app\core\performance_optimizer.py:871: in get_performance_optimizer
    _performance_optimizer = PerformanceOptimizer(config=config)
app\core\performance_optimizer.py:690: in __init__
    self.batch_engine = BatchEngine(self.config) # BatchEngine was expecting full config
app\core\performance_optimizer.py:548: in __init__
    self.config = config or get_config()['performance']
E   KeyError: 'performance'
----------------------------------------------------------------------------------- Captured stderr call -----------------------------------------------------------------------------------
2025-07-01 18:44:03,287 - anonympdf.performance_optimizer - INFO - ParallelProcessor initialized - {"max_workers": 4, "chunk_size": 100}
===================================================================================== warnings summary =====================================================================================
tests/test_worker.py::TestErrorHandling::test_file_write_error
  C:\Users\tomas\AppData\Local\Programs\Python\Python311\Lib\unittest\mock.py:2178: RuntimeWarning: coroutine 'AsyncMockMixin._execute_mock_call' was never awaited
    def __init__(self, name, parent):
  Enable tracemalloc to get traceback where the object was allocated.
  See https://docs.pytest.org/en/stable/how-to/capture-warnings.html#resource-warnings for more info.

tests/adaptive/test_ab_testing.py::TestABTestManager::test_record_and_evaluate_metrics_variant_wins
  C:\Users\tomas\Desktop\0001 DUOMENU ANALITIKA\038_AnonymPDF\venv\Lib\site-packages\scipy\stats\_axis_nan_policy.py:586: RuntimeWarning: Precision loss occurred in moment calculation due to catastrophic cancellation. This occurs when the data are nearly identical. Results may be unreliable.
    res = hypotest_fun_out(*samples, **kwds)

-- Docs: https://docs.pytest.org/en/stable/how-to/capture-warnings.html

---------- coverage: platform win32, python 3.11.9-final-0 -----------
Name                                    Stmts   Miss  Cover   Missing
---------------------------------------------------------------------
app\__init__.py                             0      0   100%
app\api\__init__.py                         0      0   100%
app\api\endpoints\__init__.py               0      0   100%
app\api\endpoints\analytics.py            258     59    77%   32-35, 40-43, 48-51, 56-59, 192-194, 230-232, 250-252, 286-288, 304-306, 357-359, 389-391, 420-423, 446-448, 458-460, 467, 500-503, 561-566, 597, 600-603
app\api\endpoints\feedback.py              48     26    46%   41-92
app\api\endpoints\monitoring.py            10      2    80%   14, 21
app\api\endpoints\pdf.py                  101     44    56%   27, 62-64, 106-107, 113-124, 130-163, 171, 176-182, 188-201
app\core\__init__.py                        0      0   100%
app\core\adaptive\__init__.py               0      0   100%
app\core\adaptive\ab_testing.py           152     11    93%   183, 220-221, 257, 336-343
app\core\adaptive\coordinator.py          132     48    64%   26-33, 57-65, 128, 177-178, 193, 217, 221-222, 226-227, 238-257, 261-263, 274-290
app\core\adaptive\doc_classifier.py        44      1    98%   84
app\core\adaptive\online_learner.py        31      5    84%   45-46, 66-68
app\core\adaptive\pattern_db.py           136     46    66%   49-53, 85-92, 121-123, 127-129, 146-147, 203-206, 222-223, 244-249, 253, 260-266, 276-283
app\core\adaptive\pattern_learner.py       63      6    90%   20, 61, 101-106, 128
app\core\adaptive\processing_rules.py      54      7    87%   82-89, 94
app\core\analytics_engine.py              214     46    79%   102-104, 195-196, 222-227, 231-256, 260-275, 288-289, 318-320, 340-353, 398-401, 405, 409-411, 416
app\core\config_manager.py                262     11    96%   78-79, 132-138, 265-269, 625, 633, 640
app\core\context_analyzer.py              240     26    89%   28-50, 122, 142-144, 150, 264-270, 397-398, 511, 518, 521, 552, 554, 646-647
app\core\data_models.py                    45      9    80%   47-51, 56-59
app\core\dependencies.py                  150     76    49%   29-31, 58-60, 88-90, 113-114, 116, 123, 129-151, 155-187, 201-207, 216-231, 238-243, 254-263, 269-280
app\core\factory.py                        47      0   100%
app\core\feature_engineering.py           332     80    76%   21, 70, 75, 100, 131, 138-143, 159, 200, 238-239, 243-256, 278-279, 287, 314-315, 333, 340-341, 359, 393-399, 419, 482, 496, 511-521, 527, 534-536, 540, 546, 562-576, 652-653, 657-660, 695-715, 720-729
app\core\feedback_system.py               272    103    62%   27-28, 101-115, 131-166, 178-221, 254-258, 271-272, 281-282, 287, 290, 305, 349-358, 361, 398-400, 407-409, 414, 422-427, 433-436, 469-473, 481, 511-513, 538-556, 560-567
app\core\intelligent_cache.py             373     29    92%   114-115, 135-141, 333-340, 359-360, 396, 413, 443, 445, 460-461, 490, 525-526, 546, 582-583, 596-600, 670, 708
app\core\lithuanian_enhancements.py       131     17    87%   249, 317, 371, 389-390, 408-409, 412-413, 416-417, 442-443, 513, 551-553
app\core\logging.py                       110     23    79%   44-55, 59-71, 87, 196-216
app\core\memory_optimizer.py              297     50    83%   91-97, 102, 144, 241-242, 297, 329, 337, 343, 351-356, 373-375, 421, 445, 460-476, 525-563, 571-573, 585-586, 606-607
app\core\memory_utils.py                   23      0   100%
app\core\ml_engine.py                     244     17    93%   33, 83, 105, 195, 221, 234-238, 361, 368-374, 425-426
app\core\ml_integration.py                202     85    58%   20, 60, 75, 114-117, 166-168, 176-177, 181-183, 190-233, 239-261, 265-269, 277, 296, 308-352, 404-426, 430-446, 458-460, 464-466, 470-471, 477
app\core\ml_monitoring.py                 280      7    98%   250-251, 313, 318, 496, 644-645
app\core\ml_training_pipeline.py          147     82    44%   65-67, 82, 89-93, 107-132, 136, 140-145, 152, 166-198, 208-213, 227-244, 251-254, 258-275, 280
app\core\nlp_loader.py                     19     19     0%   1-36
app\core\performance.py                   191     19    90%   93, 153, 188, 220, 271-279, 314, 329-330, 336-340, 365, 369
app\core\performance_optimizer.py         393    152    61%   98-106, 118, 122-123, 144, 176-177, 193-200, 211, 235, 256-319, 336, 389-395, 416-417, 450-451, 486-489, 549-557, 568-582, 586-618, 622-623, 627-628, 632-633, 661, 683, 691-696, 708-719, 728-766, 778-801, 807-837, 841-843, 847-863, 872, 877
app\core\real_time_monitor.py             319     28    91%   108-110, 145-147, 173-175, 179-181, 237-238, 252-264, 474, 490, 493-496, 500, 504, 510, 621
app\core\salutation_detector.py           144     10    93%   197, 205, 209, 215, 217, 221, 227, 251, 299, 303
app\core\text_extraction.py               121      4    97%   292, 302, 309, 317
app\core\training_data.py                 306     31    90%   68-70, 82, 103-104, 130-131, 138, 174-175, 182, 224-226, 268-269, 329-331, 379-381, 461, 505-507, 617-619, 705
app\core\validation_utils.py              189     38    80%   124-128, 138, 171-172, 187, 203, 209-214, 220-226, 242-251, 271, 276-281, 304-308, 312-316, 361-362, 367-368, 378-379, 491-500
app\database.py                            12      0   100%
app\db\migrations.py                      100     46    54%   26, 48-112, 130-131, 136-138, 160-165, 169-185, 196-197
app\dependencies.py                        25      8    68%   20, 26, 35-36, 41-45
app\main.py                                82     41    50%   26-27, 31-33, 39-50, 81-84, 90-91, 97, 102, 107, 120-153
app\models\pdf_document.py                 21      0   100%
app\pdf_processor.py                       19      0   100%
app\schemas\pdf.py                         18      0   100%
app\services\__init__.py                    0      0   100%
app\services\pdf_processor.py             324     88    73%   79, 107-168, 371, 448-477, 483-487, 511-516, 547-561, 568, 577-579, 594, 616-629, 682-688
app\version.py                              1      0   100%
app\worker.py                              57      0   100%
---------------------------------------------------------------------
TOTAL                                    6739   1400    79%

FAIL Required test coverage of 80% not reached. Total coverage: 79.23%
=================================================================================== slowest 10 durations ===================================================================================
30.12s call     tests/test_ml_monitoring.py::TestMLPerformanceMonitor::test_monitoring_loop_exception_handling
30.01s call     tests/test_ml_monitoring.py::TestMLPerformanceMonitor::test_start_monitoring_already_running
30.00s call     tests/test_ml_monitoring.py::TestMLPerformanceMonitor::test_start_stop_monitoring
10.61s setup    tests/system/test_adaptive_workflow.py::test_adaptive_workflow_learns_new_pattern
9.32s setup    tests/system/test_adaptive_workflow.py::test_feedback_learns_and_discovers_new_pattern[MIN-KORT-98765-LT_MINISTRY_CARD-lt]
8.81s setup    tests/adaptive/test_pattern_learner.py::TestDiscoverAndValidatePatterns::test_insufficient_samples
8.41s setup    tests/system/test_real_time_monitor_integration.py::test_monitoring_end_to_end
8.07s setup    tests/system/test_adaptive_workflow.py::test_feedback_learns_and_discovers_new_pattern[PROJ-SECRET-ALPHA-PROJECT_CODE-en]
7.38s setup    tests/adaptive/test_pattern_learner.py::TestDiscoverAndValidatePatterns::test_low_precision_filtered
6.87s setup    tests/system/test_adaptive_workflow.py::test_fixture_creation
================================================================================= short test summary info ==================================================================================
SKIPPED [3] tests\test_pdf_processor.py: Bypassing persistent mock/environment error to focus on logic failures.
ERROR tests/test_performance_optimizer.py::TestBatchEngine::test_submit_batch - KeyError: 'performance'
ERROR tests/test_performance_optimizer.py::TestBatchEngine::test_process_next_batch - KeyError: 'performance'
ERROR tests/test_performance_optimizer.py::TestBatchEngine::test_batch_queue_order - KeyError: 'performance'
FAILED tests/test_lithuanian_pii.py::TestLithuanianIntegration::test_comprehensive_lithuanian_document_processing - AssertionError: assert 'Onutė Petraitienė' in {'+370 601 98765', '48901234567', 'Kaunas', 'Onutė Petraitienė\nAsmens', 'Vilniaus g. 1'}
FAILED tests/test_pdf_processor.py::TestPDFProcessorIntegration::test_process_pdf_success - AssertionError: assert None == 1
FAILED tests/test_performance_optimizer.py::TestGlobalInstances::test_get_batch_engine - KeyError: 'performance'
FAILED tests/test_performance_optimizer.py::TestIntegration::test_end_to_end_processing - KeyError: 'performance'
FAILED tests/test_performance_optimizer.py::TestIntegration::test_performance_improvement_simulation - KeyError: 'performance'
FAILED tests/test_performance_optimizer.py::TestIntegration::test_error_handling_in_pipeline - KeyError: 'performance'
======================================================== 6 failed, 570 passed, 3 skipped, 2 warnings, 3 errors in 336.59s (0:05:36) ========================================================
(venv) PS C:\Users\tomas\Desktop\0001 DUOMENU ANALITIKA\038_AnonymPDF>